0001_0010_0010_0060_0060.jpg 1 10 10 60 60
0002_0011_0031_0042_0042.jpg 1 11 31 42 42
0003_0007_0008_0069_0069.jpg 1 7 8 69 69
0004_0005_0023_0065_0065.jpg 1 5 23 65 65
0005_0024_0032_0053_0053.jpg 1 24 32 53 53
0006_0056_0039_0025_0025.jpg 1 56 39 25 25
0007_0011_0014_0062_0062.jpg 1 11 14 62 62
0008_0011_0022_0058_0058.jpg 1 11 22 58 58
0009_0046_0034_0038_0038.jpg 1 46 34 38 38
0010_0012_0006_0035_0035.jpg 1 12 6 35 35
0011_0014_0015_0040_0040.jpg 1 14 15 40 40
0012_0021_0036_0039_0039.jpg 1 21 36 39 39
0013_0012_0020_0058_0058.jpg 1 12 20 58 58
0014_0017_0024_0060_0060.jpg 1 17 24 60 60
0015_0054_0047_0026_0026.jpg 1 54 47 26 26
0016_0028_0029_0049_0049.jpg 1 28 29 49 49
0017_0014_0023_0057_0057.jpg 1 14 23 57 57
0018_0021_0026_0036_0036.jpg 1 21 26 36 36
0019_0008_0020_0032_0032.jpg 1 8 20 32 32
0020_0048_0053_0029_0029.jpg 1 48 53 29 29
0021_0012_0023_0068_0068.jpg 1 12 23 68 68
0022_0011_0046_0034_0034.jpg 1 11 46 34 34
0023_0020_0016_0064_0064.jpg 1 20 16 64 64
0024_0022_0024_0051_0051.jpg 1 22 24 51 51
0025_0025_0034_0041_0041.jpg 1 25 34 41 41
0026_0015_0035_0048_0048.jpg 1 15 35 48 48
0027_0041_0006_0046_0046.jpg 1 41 6 46 46
0028_0016_0024_0027_0027.jpg 1 16 24 27 27
0029_0041_0045_0035_0035.jpg 1 41 45 35 35
0030_0046_0033_0030_0030.jpg 1 46 33 30 30
0031_0037_0019_0051_0051.jpg 1 37 19 51 51
0032_0012_0022_0040_0040.jpg 1 12 22 40 40
0033_0031_0030_0032_0032.jpg 1 31 30 32 32
0034_0029_0021_0050_0050.jpg 1 29 21 50 50
0035_0010_0018_0067_0067.jpg 1 10 18 67 67
0036_0013_0040_0049_0049.jpg 1 13 40 49 49
0037_0011_0005_0067_0067.jpg 1 11 5 67 67
0038_0010_0029_0038_0038.jpg 1 10 29 38 38
0039_0022_0012_0066_0066.jpg 1 22 12 66 66
0040_0007_0038_0042_0042.jpg 1 7 38 42 42
0041_0042_0023_0043_0043.jpg 1 42 23 43 43
0042_0007_0007_0049_0049.jpg 1 7 7 49 49
0043_0007_0018_0059_0059.jpg 1 7 18 59 59
0044_0026_0022_0064_0064.jpg 1 26 22 64 64
0045_0020_0023_0037_0037.jpg 1 20 23 37 37
0046_0005_0006_0066_0066.jpg 1 5 6 66 66
0047_0018_0026_0065_0065.jpg 1 18 26 65 65
0048_0029_0046_0040_0040.jpg 1 29 46 40 40
0049_0013_0044_0027_0027.jpg 1 13 44 27 27
0050_0023_0008_0063_0063.jpg 1 23 8 63 63
0051_0033_0013_0050_0050.jpg 1 33 13 50 50
0052_0032_0018_0039_0039.jpg 1 32 18 39 39
0053_0026_0018_0061_0061.jpg 1 26 18 61 61
0054_0036_0029_0052_0052.jpg 1 36 29 52 52
0055_0024_0015_0039_0039.jpg 1 24 15 39 39
0056_0025_0017_0055_0055.jpg 1 25 17 55 55
0057_0023_0042_0029_0029.jpg 1 23 42 29 29
0058_0037_0027_0041_0041.jpg 1 37 27 41 41
0059_0019_0011_0062_0062.jpg 1 19 11 62 62
0060_0018_0018_0066_0066.jpg 1 18 18 66 66
0061_0040_0016_0024_0024.jpg 1 40 16 24 24
0062_0035_0024_0055_0055.jpg 1 35 24 55 55
0063_0006_0039_0042_0042.jpg 1 6 39 42 42
0064_0045_0024_0042_0042.jpg 1 45 24 42 42
0065_0040_0051_0032_0032.jpg 1 40 51 32 32
0066_0047_0018_0029_0029.jpg 1 47 18 29 29
0067_0019_0007_0044_0044.jpg 1 19 7 44 44
0068_0020_0040_0026_0026.jpg 1 20 40 26 26
0069_0006_0016_0067_0067.jpg 1 6 16 67 67
0070_0051_0030_0035_0035.jpg 1 51 30 35 35
0071_0026_0023_0057_0057.jpg 1 26 23 57 57
0072_0019_0025_0066_0066.jpg 1 19 25 66 66
0073_0030_0036_0046_0046.jpg 1 30 36 46 46
0074_0027_0011_0030_0030.jpg 1 27 11 30 30
0075_0020_0029_0028_0028.jpg 1 20 29 28 28
0076_0016_0022_0042_0042.jpg 1 16 22 42 42
0077_0017_0048_0036_0036.jpg 1 17 48 36 36
0078_0017_0010_0066_0066.jpg 1 17 10 66 66
0079_0044_0018_0041_0041.jpg 1 44 18 41 41
0080_0026_0031_0048_0048.jpg 1 26 31 48 48
0081_0028_0027_0060_0060.jpg 1 28 27 60 60
0082_0024_0012_0069_0069.jpg 1 24 12 69 69
0083_0028_0023_0049_0049.jpg 1 28 23 49 49
0084_0008_0006_0057_0057.jpg 1 8 6 57 57
0085_0051_0040_0028_0028.jpg 1 51 40 28 28
0086_0023_0031_0051_0051.jpg 1 23 31 51 51
0087_0026_0028_0054_0054.jpg 1 26 28 54 54
0088_0014_0035_0038_0038.jpg 1 14 35 38 38
0089_0041_0024_0032_0032.jpg 1 41 24 32 32
0090_0058_0036_0024_0024.jpg 1 58 36 24 24
0091_0034_0016_0038_0038.jpg 1 34 16 38 38
0092_0010_0018_0042_0042.jpg 1 10 18 42 42
0093_0008_0035_0041_0041.jpg 1 8 35 41 41
0094_0032_0026_0054_0054.jpg 1 32 26 54 54
0095_0047_0022_0032_0032.jpg 1 47 22 32 32
0096_0035_0031_0055_0055.jpg 1 35 31 55 55
0097_0016_0019_0051_0051.jpg 1 16 19 51 51
0098_0015_0014_0062_0062.jpg 1 15 14 62 62
0099_0040_0051_0024_0024.jpg 1 40 51 24 24
0100_0006_0014_0066_0066.jpg 1 6 14 66 66
0101_0009_0022_0057_0057.jpg 1 9 22 57 57
0102_0030_0008_0042_0042.jpg 1 30 8 42 42
0103_0039_0036_0050_0050.jpg 1 39 36 50 50
0104_0032_0024_0041_0041.jpg 1 32 24 41 41
0105_0033_0036_0048_0048.jpg 1 33 36 48 48
0106_0013_0050_0028_0028.jpg 1 13 50 28 28
0107_0025_0011_0060_0060.jpg 1 25 11 60 60
0108_0031_0046_0036_0036.jpg 1 31 46 36 36
0109_0018_0021_0068_0068.jpg 1 18 21 68 68
0110_0051_0008_0031_0031.jpg 1 51 8 31 31
0111_0049_0035_0033_0033.jpg 1 49 35 33 33
0112_0046_0049_0038_0038.jpg 1 46 49 38 38
0113_0011_0019_0066_0066.jpg 1 11 19 66 66
0114_0019_0025_0039_0039.jpg 1 19 25 39 39
0115_0006_0028_0058_0058.jpg 1 6 28 58 58
0116_0031_0034_0047_0047.jpg 1 31 34 47 47
0117_0025_0039_0035_0035.jpg 1 25 39 35 35
0118_0017_0014_0038_0038.jpg 1 17 14 38 38
0119_0025_0027_0052_0052.jpg 1 25 27 52 52
0120_0013_0030_0057_0057.jpg 1 13 30 57 57
0121_0023_0035_0056_0056.jpg 1 23 35 56 56
0122_0053_0016_0026_0026.jpg 1 53 16 26 26
0123_0032_0021_0043_0043.jpg 1 32 21 43 43
0124_0006_0034_0056_0056.jpg 1 6 34 56 56
0125_0038_0017_0032_0032.jpg 1 38 17 32 32
0126_0050_0017_0028_0028.jpg 1 50 17 28 28
0127_0008_0021_0068_0068.jpg 1 8 21 68 68
0128_0015_0029_0057_0057.jpg 1 15 29 57 57
0129_0010_0040_0047_0047.jpg 1 10 40 47 47
0130_0007_0011_0032_0032.jpg 1 7 11 32 32
0131_0043_0013_0041_0041.jpg 1 43 13 41 41
0132_0043_0044_0037_0037.jpg 1 43 44 37 37
0133_0007_0012_0058_0058.jpg 1 7 12 58 58
0134_0023_0043_0038_0038.jpg 1 23 43 38 38
0135_0025_0008_0064_0064.jpg 1 25 8 64 64
0136_0020_0015_0031_0031.jpg 1 20 15 31 31
0137_0037_0038_0036_0036.jpg 1 37 38 36 36
0138_0026_0031_0035_0035.jpg 1 26 31 35 35
0139_0012_0016_0055_0055.jpg 1 12 16 55 55
0140_0014_0022_0068_0068.jpg 1 14 22 68 68
0141_0006_0009_0046_0046.jpg 1 6 9 46 46
0142_0014_0011_0041_0041.jpg 1 14 11 41 41
0143_0005_0011_0064_0064.jpg 1 5 11 64 64
0144_0033_0033_0044_0044.jpg 1 33 33 44 44
0145_0008_0029_0037_0037.jpg 1 8 29 37 37
0146_0011_0039_0034_0034.jpg 1 11 39 34 34
0147_0008_0007_0068_0068.jpg 1 8 7 68 68
0148_0014_0032_0046_0046.jpg 1 14 32 46 46
0149_0006_0007_0054_0054.jpg 1 6 7 54 54
0150_0036_0014_0043_0043.jpg 1 36 14 43 43
0151_0022_0009_0064_0064.jpg 1 22 9 64 64
0152_0034_0026_0055_0055.jpg 1 34 26 55 55
0153_0014_0019_0059_0059.jpg 1 14 19 59 59
0154_0010_0011_0057_0057.jpg 1 10 11 57 57
0155_0014_0004_0065_0065.jpg 1 14 4 65 65
0156_0014_0019_0069_0069.jpg 1 14 19 69 69
0157_0010_0005_0064_0064.jpg 1 10 5 64 64
0158_0019_0018_0028_0028.jpg 1 19 18 28 28
0159_0020_0012_0027_0027.jpg 1 20 12 27 27
0160_0027_0008_0048_0048.jpg 1 27 8 48 48
0161_0018_0014_0058_0058.jpg 1 18 14 58 58
0162_0022_0017_0055_0055.jpg 1 22 17 55 55
0163_0013_0031_0060_0060.jpg 1 13 31 60 60
0164_0030_0025_0043_0043.jpg 1 30 25 43 43
0165_0015_0022_0026_0026.jpg 1 15 22 26 26
0166_0020_0009_0058_0058.jpg 1 20 9 58 58
0167_0027_0036_0038_0038.jpg 1 27 36 38 38
0168_0026_0008_0037_0037.jpg 1 26 8 37 37
0169_0031_0008_0061_0061.jpg 1 31 8 61 61
0170_0043_0060_0024_0024.jpg 1 43 60 24 24
0171_0051_0051_0024_0024.jpg 1 51 51 24 24
0172_0028_0012_0029_0029.jpg 1 28 12 29 29
0173_0017_0026_0059_0059.jpg 1 17 26 59 59
0174_0014_0049_0035_0035.jpg 1 14 49 35 35
0175_0015_0012_0067_0067.jpg 1 15 12 67 67
0176_0014_0017_0064_0064.jpg 1 14 17 64 64
0177_0011_0020_0056_0056.jpg 1 11 20 56 56
0178_0013_0033_0041_0041.jpg 1 13 33 41 41
0179_0010_0055_0027_0027.jpg 1 10 55 27 27
0180_0017_0013_0065_0065.jpg 1 17 13 65 65
0181_0024_0030_0041_0041.jpg 1 24 30 41 41
0182_0012_0013_0024_0024.jpg 1 12 13 24 24
0183_0024_0014_0068_0068.jpg 1 24 14 68 68
0184_0031_0010_0055_0055.jpg 1 31 10 55 55
0185_0043_0019_0026_0026.jpg 1 43 19 26 26
0186_0025_0010_0057_0057.jpg 1 25 10 57 57
0187_0017_0020_0066_0066.jpg 1 17 20 66 66
0188_0008_0029_0031_0031.jpg 1 8 29 31 31
0189_0032_0020_0044_0044.jpg 1 32 20 44 44
0190_0032_0016_0053_0053.jpg 1 32 16 53 53
0191_0036_0010_0028_0028.jpg 1 36 10 28 28
0192_0028_0022_0064_0064.jpg 1 28 22 64 64
0193_0008_0042_0034_0034.jpg 1 8 42 34 34
0194_0021_0012_0066_0066.jpg 1 21 12 66 66
0195_0024_0018_0051_0051.jpg 1 24 18 51 51
0196_0032_0035_0034_0034.jpg 1 32 35 34 34
0197_0023_0008_0035_0035.jpg 1 23 8 35 35
0198_0018_0011_0055_0055.jpg 1 18 11 55 55
0199_0027_0021_0056_0056.jpg 1 27 21 56 56
0200_0043_0043_0036_0036.jpg 1 43 43 36 36
0201_0026_0012_0054_0054.jpg 1 26 12 54 54
0202_0047_0015_0029_0029.jpg 1 47 15 29 29
0203_0032_0035_0036_0036.jpg 1 32 35 36 36
0204_0022_0028_0049_0049.jpg 1 22 28 49 49
0205_0020_0007_0056_0056.jpg 1 20 7 56 56
0206_0037_0008_0046_0046.jpg 1 37 8 46 46
0207_0034_0026_0047_0047.jpg 1 34 26 47 47
0208_0017_0006_0050_0050.jpg 1 17 6 50 50
0209_0045_0017_0041_0041.jpg 1 45 17 41 41
0210_0023_0021_0042_0042.jpg 1 23 21 42 42
0211_0040_0014_0046_0046.jpg 1 40 14 46 46
0212_0007_0022_0069_0069.jpg 1 7 22 69 69
0213_0017_0055_0027_0027.jpg 1 17 55 27 27
0214_0039_0022_0049_0049.jpg 1 39 22 49 49
0215_0007_0014_0054_0054.jpg 1 7 14 54 54
0216_0014_0013_0025_0025.jpg 1 14 13 25 25
0217_0010_0020_0061_0061.jpg 1 10 20 61 61
0218_0043_0009_0030_0030.jpg 1 43 9 30 30
0219_0036_0026_0049_0049.jpg 1 36 26 49 49
0220_0011_0009_0052_0052.jpg 1 11 9 52 52
0221_0016_0036_0044_0044.jpg 1 16 36 44 44
0222_0006_0011_0048_0048.jpg 1 6 11 48 48
0223_0011_0006_0068_0068.jpg 1 11 6 68 68
0224_0043_0021_0029_0029.jpg 1 43 21 29 29
0225_0007_0020_0052_0052.jpg 1 7 20 52 52
0226_0026_0033_0027_0027.jpg 1 26 33 27 27
0227_0024_0010_0060_0060.jpg 1 24 10 60 60
0228_0021_0011_0068_0068.jpg 1 21 11 68 68
0229_0028_0013_0030_0030.jpg 1 28 13 30 30
0230_0019_0016_0063_0063.jpg 1 19 16 63 63
0231_0010_0028_0060_0060.jpg 1 10 28 60 60
0232_0028_0031_0045_0045.jpg 1 28 31 45 45
0233_0006_0012_0065_0065.jpg 1 6 12 65 65
0234_0009_0031_0050_0050.jpg 1 9 31 50 50
0235_0008_0026_0063_0063.jpg 1 8 26 63 63
0236_0042_0021_0028_0028.jpg 1 42 21 28 28
0237_0013_0017_0068_0068.jpg 1 13 17 68 68
0238_0031_0022_0031_0031.jpg 1 31 22 31 31
0239_0027_0014_0063_0063.jpg 1 27 14 63 63
0240_0038_0015_0024_0024.jpg 1 38 15 24 24
0241_0022_0033_0036_0036.jpg 1 22 33 36 36
0242_0012_0014_0069_0069.jpg 1 12 14 69 69
0243_0032_0054_0025_0025.jpg 1 32 54 25 25
0244_0013_0026_0061_0061.jpg 1 13 26 61 61
0245_0008_0006_0069_0069.jpg 1 8 6 69 69
0246_0007_0018_0051_0051.jpg 1 7 18 51 51
0247_0031_0039_0047_0047.jpg 1 31 39 47 47
0248_0011_0049_0035_0035.jpg 1 11 49 35 35
0249_0045_0045_0036_0036.jpg 1 45 45 36 36
0250_0027_0037_0049_0049.jpg 1 27 37 49 49
0251_0021_0021_0064_0064.jpg 1 21 21 64 64
0252_0025_0007_0033_0033.jpg 1 25 7 33 33
0253_0007_0039_0036_0036.jpg 1 7 39 36 36
0254_0021_0011_0057_0057.jpg 1 21 11 57 57
0255_0035_0011_0055_0055.jpg 1 35 11 55 55
0256_0037_0022_0028_0028.jpg 1 37 22 28 28
0257_0005_0014_0069_0069.jpg 1 5 14 69 69
0258_0008_0032_0042_0042.jpg 1 8 32 42 42
0259_0025_0005_0066_0066.jpg 1 25 5 66 66
0260_0005_0031_0057_0057.jpg 1 5 31 57 57
0261_0016_0032_0026_0026.jpg 1 16 32 26 26
0262_0035_0028_0037_0037.jpg 1 35 28 37 37
0263_0039_0050_0036_0036.jpg 1 39 50 36 36
0264_0019_0007_0068_0068.jpg 1 19 7 68 68
0265_0027_0019_0052_0052.jpg 1 27 19 52 52
0266_0033_0047_0025_0025.jpg 1 33 47 25 25
0267_0018_0046_0030_0030.jpg 1 18 46 30 30
0268_0035_0009_0043_0043.jpg 1 35 9 43 43
0269_0023_0036_0051_0051.jpg 1 23 36 51 51
0270_0008_0020_0051_0051.jpg 1 8 20 51 51
0271_0043_0031_0029_0029.jpg 1 43 31 29 29
0272_0020_0056_0025_0025.jpg 1 20 56 25 25
0273_0027_0023_0059_0059.jpg 1 27 23 59 59
0274_0014_0007_0046_0046.jpg 1 14 7 46 46
0275_0032_0053_0024_0024.jpg 1 32 53 24 24
0276_0012_0016_0047_0047.jpg 1 12 16 47 47
0277_0037_0032_0034_0034.jpg 1 37 32 34 34
0278_0037_0008_0044_0044.jpg 1 37 8 44 44
0279_0012_0020_0060_0060.jpg 1 12 20 60 60
0280_0024_0021_0052_0052.jpg 1 24 21 52 52
0281_0009_0006_0054_0054.jpg 1 9 6 54 54
0282_0015_0007_0048_0048.jpg 1 15 7 48 48
0283_0010_0022_0047_0047.jpg 1 10 22 47 47
0284_0024_0012_0043_0043.jpg 1 24 12 43 43
0285_0040_0035_0049_0049.jpg 1 40 35 49 49
0286_0020_0015_0036_0036.jpg 1 20 15 36 36
0287_0025_0041_0043_0043.jpg 1 25 41 43 43
0288_0027_0010_0062_0062.jpg 1 27 10 62 62
0289_0037_0009_0051_0051.jpg 1 37 9 51 51
0290_0010_0026_0062_0062.jpg 1 10 26 62 62
0291_0035_0012_0025_0025.jpg 1 35 12 25 25
0292_0007_0036_0036_0036.jpg 1 7 36 36 36
0293_0012_0044_0032_0032.jpg 1 12 44 32 32
0294_0040_0027_0047_0047.jpg 1 40 27 47 47
0295_0037_0033_0043_0043.jpg 1 37 33 43 43
0296_0021_0023_0053_0053.jpg 1 21 23 53 53
0297_0015_0025_0067_0067.jpg 1 15 25 67 67
0298_0035_0021_0049_0049.jpg 1 35 21 49 49
0299_0039_0025_0031_0031.jpg 1 39 25 31 31
0300_0009_0009_0064_0064.jpg 1 9 9 64 64
0301_0015_0021_0062_0062.jpg 1 15 21 62 62
0302_0016_0022_0065_0065.jpg 1 16 22 65 65
0303_0017_0035_0026_0026.jpg 1 17 35 26 26
0304_0033_0031_0046_0046.jpg 1 33 31 46 46
0305_0048_0037_0034_0034.jpg 1 48 37 34 34
0306_0048_0034_0028_0028.jpg 1 48 34 28 28
0307_0018_0005_0051_0051.jpg 1 18 5 51 51
0308_0023_0028_0061_0061.jpg 1 23 28 61 61
0309_0027_0045_0037_0037.jpg 1 27 45 37 37
0310_0019_0005_0061_0061.jpg 1 19 5 61 61
0311_0021_0025_0045_0045.jpg 1 21 25 45 45
0312_0036_0010_0040_0040.jpg 1 36 10 40 40
0313_0050_0041_0031_0031.jpg 1 50 41 31 31
0314_0029_0021_0060_0060.jpg 1 29 21 60 60
0315_0046_0012_0027_0027.jpg 1 46 12 27 27
0316_0006_0018_0065_0065.jpg 1 6 18 65 65
0317_0059_0016_0026_0026.jpg 1 59 16 26 26
0318_0042_0050_0034_0034.jpg 1 42 50 34 34
0319_0025_0014_0068_0068.jpg 1 25 14 68 68
0320_0034_0016_0053_0053.jpg 1 34 16 53 53
0321_0042_0038_0045_0045.jpg 1 42 38 45 45
0322_0047_0011_0033_0033.jpg 1 47 11 33 33
0323_0041_0015_0029_0029.jpg 1 41 15 29 29
0324_0028_0042_0036_0036.jpg 1 28 42 36 36
0325_0009_0018_0055_0055.jpg 1 9 18 55 55
0326_0009_0024_0066_0066.jpg 1 9 24 66 66
0327_0012_0031_0060_0060.jpg 1 12 31 60 60
0328_0023_0017_0058_0058.jpg 1 23 17 58 58
0329_0020_0029_0034_0034.jpg 1 20 29 34 34
0330_0008_0019_0051_0051.jpg 1 8 19 51 51
0331_0019_0013_0064_0064.jpg 1 19 13 64 64
0332_0044_0016_0027_0027.jpg 1 44 16 27 27
0333_0031_0019_0037_0037.jpg 1 31 19 37 37
0334_0009_0017_0064_0064.jpg 1 9 17 64 64
0335_0012_0041_0026_0026.jpg 1 12 41 26 26
0336_0013_0021_0058_0058.jpg 1 13 21 58 58
0337_0020_0038_0045_0045.jpg 1 20 38 45 45
0338_0028_0025_0052_0052.jpg 1 28 25 52 52
0339_0011_0024_0031_0031.jpg 1 11 24 31 31
0340_0016_0018_0051_0051.jpg 1 16 18 51 51
0341_0023_0022_0069_0069.jpg 1 23 22 69 69
0342_0027_0032_0058_0058.jpg 1 27 32 58 58
0343_0004_0017_0061_0061.jpg 1 4 17 61 61
0344_0018_0009_0063_0063.jpg 1 18 9 63 63
0345_0010_0029_0041_0041.jpg 1 10 29 41 41
0346_0007_0027_0049_0049.jpg 1 7 27 49 49
0347_0033_0006_0053_0053.jpg 1 33 6 53 53
0348_0004_0014_0064_0064.jpg 1 4 14 64 64
0349_0018_0006_0063_0063.jpg 1 18 6 63 63
0350_0035_0030_0031_0031.jpg 1 35 30 31 31
0351_0022_0005_0066_0066.jpg 1 22 5 66 66
0352_0042_0027_0039_0039.jpg 1 42 27 39 39
0353_0014_0013_0059_0059.jpg 1 14 13 59 59
0354_0013_0013_0049_0049.jpg 1 13 13 49 49
0355_0035_0031_0052_0052.jpg 1 35 31 52 52
0356_0018_0029_0026_0026.jpg 1 18 29 26 26
0357_0018_0025_0046_0046.jpg 1 18 25 46 46
0358_0040_0010_0032_0032.jpg 1 40 10 32 32
0359_0004_0020_0062_0062.jpg 1 4 20 62 62
0360_0038_0044_0041_0041.jpg 1 38 44 41 41
0361_0026_0006_0046_0046.jpg 1 26 6 46 46
0362_0007_0004_0059_0059.jpg 1 7 4 59 59
0363_0014_0031_0042_0042.jpg 1 14 31 42 42
0364_0024_0020_0032_0032.jpg 1 24 20 32 32
0365_0012_0023_0058_0058.jpg 1 12 23 58 58
0366_0029_0024_0061_0061.jpg 1 29 24 61 61
0367_0011_0018_0046_0046.jpg 1 11 18 46 46
0368_0041_0028_0042_0042.jpg 1 41 28 42 42
0369_0012_0005_0065_0065.jpg 1 12 5 65 65
0370_0047_0011_0033_0033.jpg 1 47 11 33 33
0371_0027_0024_0025_0025.jpg 1 27 24 25 25
0372_0006_0009_0040_0040.jpg 1 6 9 40 40
0373_0022_0014_0043_0043.jpg 1 22 14 43 43
0374_0032_0046_0024_0024.jpg 1 32 46 24 24
0375_0036_0043_0045_0045.jpg 1 36 43 45 45
0376_0023_0030_0053_0053.jpg 1 23 30 53 53
0377_0027_0026_0064_0064.jpg 1 27 26 64 64
0378_0005_0022_0066_0066.jpg 1 5 22 66 66
0379_0041_0040_0028_0028.jpg 1 41 40 28 28
0380_0026_0006_0050_0050.jpg 1 26 6 50 50
0381_0030_0041_0029_0029.jpg 1 30 41 29 29
0382_0012_0023_0048_0048.jpg 1 12 23 48 48
0383_0020_0019_0064_0064.jpg 1 20 19 64 64
0384_0032_0023_0042_0042.jpg 1 32 23 42 42
0385_0030_0027_0055_0055.jpg 1 30 27 55 55
0386_0027_0039_0041_0041.jpg 1 27 39 41 41
0387_0021_0035_0027_0027.jpg 1 21 35 27 27
0388_0032_0037_0024_0024.jpg 1 32 37 24 24
0389_0018_0029_0025_0025.jpg 1 18 29 25 25
0390_0026_0047_0031_0031.jpg 1 26 47 31 31
0391_0023_0028_0046_0046.jpg 1 23 28 46 46
0392_0008_0021_0060_0060.jpg 1 8 21 60 60
0393_0014_0007_0031_0031.jpg 1 14 7 31 31
0394_0016_0032_0055_0055.jpg 1 16 32 55 55
0395_0012_0045_0025_0025.jpg 1 12 45 25 25
0396_0029_0038_0027_0027.jpg 1 29 38 27 27
0397_0021_0019_0057_0057.jpg 1 21 19 57 57
0398_0012_0041_0024_0024.jpg 1 12 41 24 24
0399_0010_0028_0056_0056.jpg 1 10 28 56 56
0400_0012_0014_0069_0069.jpg 1 12 14 69 69
0401_0029_0026_0045_0045.jpg 1 29 26 45 45
0402_0005_0037_0047_0047.jpg 1 5 37 47 47
0403_0017_0006_0031_0031.jpg 1 17 6 31 31
0404_0011_0005_0067_0067.jpg 1 11 5 67 67
0405_0012_0025_0033_0033.jpg 1 12 25 33 33
0406_0033_0053_0027_0027.jpg 1 33 53 27 27
0407_0020_0036_0027_0027.jpg 1 20 36 27 27
0408_0032_0026_0034_0034.jpg 1 32 26 34 34
0409_0041_0016_0037_0037.jpg 1 41 16 37 37
0410_0024_0027_0051_0051.jpg 1 24 27 51 51
0411_0026_0015_0042_0042.jpg 1 26 15 42 42
0412_0012_0034_0055_0055.jpg 1 12 34 55 55
0413_0041_0032_0042_0042.jpg 1 41 32 42 42
0414_0047_0035_0025_0025.jpg 1 47 35 25 25
0415_0015_0018_0051_0051.jpg 1 15 18 51 51
0416_0007_0018_0066_0066.jpg 1 7 18 66 66
0417_0036_0030_0028_0028.jpg 1 36 30 28 28
0418_0026_0019_0054_0054.jpg 1 26 19 54 54
0419_0035_0010_0048_0048.jpg 1 35 10 48 48
0420_0036_0008_0054_0054.jpg 1 36 8 54 54
0421_0017_0022_0044_0044.jpg 1 17 22 44 44
0422_0019_0026_0064_0064.jpg 1 19 26 64 64
0423_0047_0017_0040_0040.jpg 1 47 17 40 40
0424_0006_0018_0064_0064.jpg 1 6 18 64 64
0425_0013_0028_0037_0037.jpg 1 13 28 37 37
0426_0020_0021_0057_0057.jpg 1 20 21 57 57
0427_0005_0014_0061_0061.jpg 1 5 14 61 61
0428_0021_0028_0051_0051.jpg 1 21 28 51 51
0429_0011_0025_0066_0066.jpg 1 11 25 66 66
0430_0020_0029_0060_0060.jpg 1 20 29 60 60
0431_0007_0021_0066_0066.jpg 1 7 21 66 66
0432_0006_0013_0054_0054.jpg 1 6 13 54 54
0433_0031_0024_0054_0054.jpg 1 31 24 54 54
0434_0029_0042_0030_0030.jpg 1 29 42 30 30
0435_0012_0018_0067_0067.jpg 1 12 18 67 67
0436_0016_0021_0032_0032.jpg 1 16 21 32 32
0437_0011_0020_0042_0042.jpg 1 11 20 42 42
0438_0024_0015_0041_0041.jpg 1 24 15 41 41
0439_0017_0035_0053_0053.jpg 1 17 35 53 53
0440_0010_0018_0051_0051.jpg 1 10 18 51 51
0441_0016_0022_0067_0067.jpg 1 16 22 67 67
0442_0013_0036_0051_0051.jpg 1 13 36 51 51
0443_0020_0011_0032_0032.jpg 1 20 11 32 32
0444_0021_0024_0025_0025.jpg 1 21 24 25 25
0445_0030_0005_0049_0049.jpg 1 30 5 49 49
0446_0023_0031_0053_0053.jpg 1 23 31 53 53
0447_0051_0015_0033_0033.jpg 1 51 15 33 33
0448_0020_0021_0069_0069.jpg 1 20 21 69 69
0449_0005_0019_0046_0046.jpg 1 5 19 46 46
0450_0015_0048_0038_0038.jpg 1 15 48 38 38
0451_0023_0010_0047_0047.jpg 1 23 10 47 47
0452_0005_0021_0062_0062.jpg 1 5 21 62 62
0453_0031_0027_0039_0039.jpg 1 31 27 39 39
0454_0022_0024_0063_0063.jpg 1 22 24 63 63
0455_0056_0015_0024_0024.jpg 1 56 15 24 24
0456_0025_0025_0059_0059.jpg 1 25 25 59 59
0457_0022_0024_0064_0064.jpg 1 22 24 64 64
0458_0029_0018_0041_0041.jpg 1 29 18 41 41
0459_0052_0029_0025_0025.jpg 1 52 29 25 25
0460_0014_0014_0045_0045.jpg 1 14 14 45 45
0461_0016_0041_0045_0045.jpg 1 16 41 45 45
0462_0024_0040_0042_0042.jpg 1 24 40 42 42
0463_0025_0023_0028_0028.jpg 1 25 23 28 28
0464_0009_0016_0058_0058.jpg 1 9 16 58 58
0465_0020_0009_0056_0056.jpg 1 20 9 56 56
0466_0017_0033_0048_0048.jpg 1 17 33 48 48
0467_0044_0038_0037_0037.jpg 1 44 38 37 37
0468_0017_0015_0050_0050.jpg 1 17 15 50 50
0469_0012_0008_0063_0063.jpg 1 12 8 63 63
0470_0023_0026_0026_0026.jpg 1 23 26 26 26
0471_0009_0027_0053_0053.jpg 1 9 27 53 53
0472_0041_0055_0027_0027.jpg 1 41 55 27 27
0473_0014_0019_0066_0066.jpg 1 14 19 66 66
0474_0008_0028_0031_0031.jpg 1 8 28 31 31
0475_0017_0006_0055_0055.jpg 1 17 6 55 55
0476_0020_0039_0032_0032.jpg 1 20 39 32 32
0477_0009_0039_0040_0040.jpg 1 9 39 40 40
0478_0027_0034_0040_0040.jpg 1 27 34 40 40
0479_0017_0017_0028_0028.jpg 1 17 17 28 28
0480_0008_0031_0042_0042.jpg 1 8 31 42 42
0481_0009_0058_0025_0025.jpg 1 9 58 25 25
0482_0032_0051_0032_0032.jpg 1 32 51 32 32
0483_0006_0008_0059_0059.jpg 1 6 8 59 59
0484_0048_0031_0039_0039.jpg 1 48 31 39 39
0485_0020_0005_0065_0065.jpg 1 20 5 65 65
0486_0051_0050_0033_0033.jpg 1 51 50 33 33
0487_0033_0031_0038_0038.jpg 1 33 31 38 38
0488_0033_0016_0033_0033.jpg 1 33 16 33 33
0489_0030_0011_0058_0058.jpg 1 30 11 58 58
0490_0025_0022_0062_0062.jpg 1 25 22 62 62
0491_0010_0030_0056_0056.jpg 1 10 30 56 56
0492_0041_0053_0032_0032.jpg 1 41 53 32 32
0493_0009_0028_0061_0061.jpg 1 9 28 61 61
0494_0026_0005_0047_0047.jpg 1 26 5 47 47
0495_0027_0032_0048_0048.jpg 1 27 32 48 48
0496_0016_0021_0068_0068.jpg 1 16 21 68 68
0497_0017_0027_0045_0045.jpg 1 17 27 45 45
0498_0029_0035_0048_0048.jpg 1 29 35 48 48
0499_0017_0019_0066_0066.jpg 1 17 19 66 66
0500_0011_0020_0033_0033.jpg 1 11 20 33 33
0501_0017_0014_0056_0056.jpg 1 17 14 56 56
0502_0017_0022_0042_0042.jpg 1 17 22 42 42
0503_0029_0017_0025_0025.jpg 1 29 17 25 25
0504_0022_0024_0066_0066.jpg 1 22 24 66 66
0505_0024_0008_0065_0065.jpg 1 24 8 65 65
0506_0028_0027_0056_0056.jpg 1 28 27 56 56
0507_0024_0018_0068_0068.jpg 1 24 18 68 68
0508_0009_0016_0065_0065.jpg 1 9 16 65 65
0509_0018_0023_0054_0054.jpg 1 18 23 54 54
0510_0034_0007_0042_0042.jpg 1 34 7 42 42
0511_0023_0024_0033_0033.jpg 1 23 24 33 33
0512_0028_0022_0037_0037.jpg 1 28 22 37 37
0513_0014_0050_0031_0031.jpg 1 14 50 31 31
0514_0040_0007_0039_0039.jpg 1 40 7 39 39
0515_0030_0012_0040_0040.jpg 1 30 12 40 40
0516_0018_0007_0053_0053.jpg 1 18 7 53 53
0517_0027_0025_0025_0025.jpg 1 27 25 25 25
0518_0050_0033_0034_0034.jpg 1 50 33 34 34
0519_0024_0044_0031_0031.jpg 1 24 44 31 31
0520_0027_0009_0056_0056.jpg 1 27 9 56 56
0521_0009_0030_0048_0048.jpg 1 9 30 48 48
0522_0036_0037_0029_0029.jpg 1 36 37 29 29
0523_0014_0011_0059_0059.jpg 1 14 11 59 59
0524_0040_0011_0037_0037.jpg 1 40 11 37 37
0525_0021_0023_0046_0046.jpg 1 21 23 46 46
0526_0025_0021_0062_0062.jpg 1 25 21 62 62
0527_0024_0031_0051_0051.jpg 1 24 31 51 51
0528_0037_0025_0041_0041.jpg 1 37 25 41 41
0529_0023_0009_0067_0067.jpg 1 23 9 67 67
0530_0015_0019_0044_0044.jpg 1 15 19 44 44
0531_0013_0009_0037_0037.jpg 1 13 9 37 37
0532_0023_0008_0060_0060.jpg 1 23 8 60 60
0533_0020_0045_0031_0031.jpg 1 20 45 31 31
0534_0012_0024_0033_0033.jpg 1 12 24 33 33
0535_0030_0026_0041_0041.jpg 1 30 26 41 41
0536_0024_0040_0034_0034.jpg 1 24 40 34 34
0537_0017_0043_0025_0025.jpg 1 17 43 25 25
0538_0056_0023_0027_0027.jpg 1 56 23 27 27
0539_0021_0019_0053_0053.jpg 1 21 19 53 53
0540_0007_0024_0057_0057.jpg 1 7 24 57 57
0541_0021_0011_0048_0048.jpg 1 21 11 48 48
0542_0053_0022_0032_0032.jpg 1 53 22 32 32
0543_0012_0034_0056_0056.jpg 1 12 34 56 56
0544_0019_0022_0049_0049.jpg 1 19 22 49 49
0545_0027_0011_0043_0043.jpg 1 27 11 43 43
0546_0014_0007_0040_0040.jpg 1 14 7 40 40
0547_0026_0034_0052_0052.jpg 1 26 34 52 52
0548_0045_0045_0026_0026.jpg 1 45 45 26 26
0549_0048_0009_0028_0028.jpg 1 48 9 28 28
0550_0023_0009_0050_0050.jpg 1 23 9 50 50
0551_0005_0017_0049_0049.jpg 1 5 17 49 49
0552_0015_0025_0042_0042.jpg 1 15 25 42 42
0553_0012_0045_0028_0028.jpg 1 12 45 28 28
0554_0007_0039_0041_0041.jpg 1 7 39 41 41
0555_0025_0044_0026_0026.jpg 1 25 44 26 26
0556_0023_0026_0065_0065.jpg 1 23 26 65 65
0557_0021_0022_0060_0060.jpg 1 21 22 60 60
0558_0024_0019_0055_0055.jpg 1 24 19 55 55
0559_0026_0032_0052_0052.jpg 1 26 32 52 52
0560_0017_0014_0062_0062.jpg 1 17 14 62 62
0561_0015_0008_0069_0069.jpg 1 15 8 69 69
0562_0010_0045_0039_0039.jpg 1 10 45 39 39
0563_0026_0026_0050_0050.jpg 1 26 26 50 50
0564_0018_0018_0039_0039.jpg 1 18 18 39 39
0565_0020_0025_0042_0042.jpg 1 20 25 42 42
0566_0036_0047_0031_0031.jpg 1 36 47 31 31
0567_0019_0003_0069_0069.jpg 1 19 3 69 69
0568_0032_0010_0057_0057.jpg 1 32 10 57 57
0569_0015_0017_0066_0066.jpg 1 15 17 66 66
0570_0024_0026_0051_0051.jpg 1 24 26 51 51
0571_0041_0017_0036_0036.jpg 1 41 17 36 36
0572_0050_0022_0027_0027.jpg 1 50 22 27 27
0573_0036_0030_0037_0037.jpg 1 36 30 37 37
0574_0013_0028_0048_0048.jpg 1 13 28 48 48
0575_0009_0007_0067_0067.jpg 1 9 7 67 67
0576_0041_0029_0032_0032.jpg 1 41 29 32 32
0577_0039_0031_0038_0038.jpg 1 39 31 38 38
0578_0025_0033_0058_0058.jpg 1 25 33 58 58
0579_0047_0025_0040_0040.jpg 1 47 25 40 40
0580_0011_0025_0038_0038.jpg 1 11 25 38 38
0581_0041_0047_0027_0027.jpg 1 41 47 27 27
0582_0015_0025_0053_0053.jpg 1 15 25 53 53
0583_0016_0025_0061_0061.jpg 1 16 25 61 61
0584_0043_0011_0046_0046.jpg 1 43 11 46 46
0585_0008_0051_0031_0031.jpg 1 8 51 31 31
0586_0024_0029_0046_0046.jpg 1 24 29 46 46
0587_0006_0020_0060_0060.jpg 1 6 20 60 60
0588_0024_0035_0043_0043.jpg 1 24 35 43 43
0589_0007_0021_0062_0062.jpg 1 7 21 62 62
0590_0035_0023_0028_0028.jpg 1 35 23 28 28
0591_0003_0009_0066_0066.jpg 1 3 9 66 66
0592_0027_0013_0044_0044.jpg 1 27 13 44 44
0593_0012_0023_0048_0048.jpg 1 12 23 48 48
0594_0044_0030_0041_0041.jpg 1 44 30 41 41
0595_0020_0026_0046_0046.jpg 1 20 26 46 46
0596_0027_0005_0057_0057.jpg 1 27 5 57 57
0597_0025_0034_0033_0033.jpg 1 25 34 33 33
0598_0007_0029_0054_0054.jpg 1 7 29 54 54
0599_0008_0013_0069_0069.jpg 1 8 13 69 69
0600_0021_0024_0053_0053.jpg 1 21 24 53 53
0601_0006_0016_0068_0068.jpg 1 6 16 68 68
0602_0021_0005_0056_0056.jpg 1 21 5 56 56
0603_0041_0024_0039_0039.jpg 1 41 24 39 39
0604_0045_0047_0035_0035.jpg 1 45 47 35 35
0605_0043_0038_0044_0044.jpg 1 43 38 44 44
0606_0026_0032_0044_0044.jpg 1 26 32 44 44
0607_0033_0017_0054_0054.jpg 1 33 17 54 54
0608_0021_0040_0035_0035.jpg 1 21 40 35 35
0609_0013_0031_0055_0055.jpg 1 13 31 55 55
0610_0013_0026_0064_0064.jpg 1 13 26 64 64
0611_0036_0031_0025_0025.jpg 1 36 31 25 25
0612_0012_0010_0051_0051.jpg 1 12 10 51 51
0613_0013_0012_0055_0055.jpg 1 13 12 55 55
0614_0015_0009_0057_0057.jpg 1 15 9 57 57
0615_0023_0004_0066_0066.jpg 1 23 4 66 66
0616_0005_0023_0055_0055.jpg 1 5 23 55 55
0617_0036_0017_0052_0052.jpg 1 36 17 52 52
0618_0023_0029_0040_0040.jpg 1 23 29 40 40
0619_0011_0009_0034_0034.jpg 1 11 9 34 34
0620_0025_0017_0065_0065.jpg 1 25 17 65 65
0621_0005_0007_0055_0055.jpg 1 5 7 55 55
0622_0019_0022_0067_0067.jpg 1 19 22 67 67
0623_0026_0019_0062_0062.jpg 1 26 19 62 62
0624_0010_0016_0053_0053.jpg 1 10 16 53 53
0625_0011_0018_0052_0052.jpg 1 11 18 52 52
0626_0044_0055_0026_0026.jpg 1 44 55 26 26
0627_0004_0027_0064_0064.jpg 1 4 27 64 64
0628_0028_0006_0057_0057.jpg 1 28 6 57 57
0629_0054_0035_0027_0027.jpg 1 54 35 27 27
0630_0031_0011_0056_0056.jpg 1 31 11 56 56
0631_0021_0004_0066_0066.jpg 1 21 4 66 66
0632_0022_0007_0065_0065.jpg 1 22 7 65 65
0633_0009_0021_0060_0060.jpg 1 9 21 60 60
0634_0017_0024_0056_0056.jpg 1 17 24 56 56
0635_0022_0051_0034_0034.jpg 1 22 51 34 34
0636_0037_0026_0036_0036.jpg 1 37 26 36 36
0637_0016_0011_0069_0069.jpg 1 16 11 69 69
0638_0018_0007_0059_0059.jpg 1 18 7 59 59
0639_0012_0026_0044_0044.jpg 1 12 26 44 44
0640_0038_0031_0026_0026.jpg 1 38 31 26 26
0641_0006_0041_0046_0046.jpg 1 6 41 46 46
0642_0021_0018_0063_0063.jpg 1 21 18 63 63
0643_0005_0044_0044_0044.jpg 1 5 44 44 44
0644_0034_0026_0054_0054.jpg 1 34 26 54 54
0645_0009_0009_0053_0053.jpg 1 9 9 53 53
0646_0019_0033_0053_0053.jpg 1 19 33 53 53
0647_0022_0017_0065_0065.jpg 1 22 17 65 65
0648_0034_0022_0045_0045.jpg 1 34 22 45 45
0649_0026_0006_0034_0034.jpg 1 26 6 34 34
0650_0005_0015_0049_0049.jpg 1 5 15 49 49
0651_0028_0006_0038_0038.jpg 1 28 6 38 38
0652_0033_0044_0038_0038.jpg 1 33 44 38 38
0653_0025_0045_0034_0034.jpg 1 25 45 34 34
0654_0023_0028_0047_0047.jpg 1 23 28 47 47
0655_0016_0031_0060_0060.jpg 1 16 31 60 60
0656_0005_0023_0056_0056.jpg 1 5 23 56 56
0657_0027_0031_0025_0025.jpg 1 27 31 25 25
0658_0028_0012_0050_0050.jpg 1 28 12 50 50
0659_0021_0006_0068_0068.jpg 1 21 6 68 68
0660_0018_0012_0066_0066.jpg 1 18 12 66 66
0661_0046_0018_0026_0026.jpg 1 46 18 26 26
0662_0015_0023_0067_0067.jpg 1 15 23 67 67
0663_0012_0014_0052_0052.jpg 1 12 14 52 52
0664_0017_0010_0065_0065.jpg 1 17 10 65 65
0665_0019_0034_0054_0054.jpg 1 19 34 54 54
0666_0018_0045_0033_0033.jpg 1 18 45 33 33
0667_0028_0040_0036_0036.jpg 1 28 40 36 36
0668_0027_0034_0033_0033.jpg 1 27 34 33 33
0669_0009_0017_0068_0068.jpg 1 9 17 68 68
0670_0039_0033_0028_0028.jpg 1 39 33 28 28
0671_0032_0030_0047_0047.jpg 1 32 30 47 47
0672_0008_0008_0024_0024.jpg 1 8 8 24 24
0673_0017_0019_0036_0036.jpg 1 17 19 36 36
0674_0017_0042_0033_0033.jpg 1 17 42 33 33
0675_0029_0022_0052_0052.jpg 1 29 22 52 52
0676_0006_0007_0067_0067.jpg 1 6 7 67 67
0677_0008_0017_0027_0027.jpg 1 8 17 27 27
0678_0007_0028_0042_0042.jpg 1 7 28 42 42
0679_0008_0013_0043_0043.jpg 1 8 13 43 43
0680_0012_0033_0035_0035.jpg 1 12 33 35 35
0681_0025_0040_0047_0047.jpg 1 25 40 47 47
0682_0029_0008_0035_0035.jpg 1 29 8 35 35
0683_0008_0004_0067_0067.jpg 1 8 4 67 67
0684_0006_0013_0054_0054.jpg 1 6 13 54 54
0685_0004_0028_0061_0061.jpg 1 4 28 61 61
0686_0016_0012_0054_0054.jpg 1 16 12 54 54
0687_0012_0048_0039_0039.jpg 1 12 48 39 39
0688_0024_0032_0049_0049.jpg 1 24 32 49 49
0689_0019_0046_0024_0024.jpg 1 19 46 24 24
0690_0039_0045_0038_0038.jpg 1 39 45 38 38
0691_0038_0024_0049_0049.jpg 1 38 24 49 49
0692_0027_0007_0030_0030.jpg 1 27 7 30 30
0693_0014_0029_0060_0060.jpg 1 14 29 60 60
0694_0003_0012_0065_0065.jpg 1 3 12 65 65
0695_0015_0020_0052_0052.jpg 1 15 20 52 52
0696_0015_0029_0063_0063.jpg 1 15 29 63 63
0697_0024_0040_0028_0028.jpg 1 24 40 28 28
0698_0015_0034_0051_0051.jpg 1 15 34 51 51
0699_0030_0030_0047_0047.jpg 1 30 30 47 47
0700_0042_0048_0026_0026.jpg 1 42 48 26 26
0701_0003_0009_0067_0067.jpg 1 3 9 67 67
0702_0042_0013_0038_0038.jpg 1 42 13 38 38
0703_0004_0008_0062_0062.jpg 1 4 8 62 62
0704_0039_0038_0042_0042.jpg 1 39 38 42 42
0705_0018_0016_0062_0062.jpg 1 18 16 62 62
0706_0028_0041_0037_0037.jpg 1 28 41 37 37
0707_0004_0019_0058_0058.jpg 1 4 19 58 58
0708_0005_0009_0047_0047.jpg 1 5 9 47 47
0709_0020_0009_0050_0050.jpg 1 20 9 50 50
0710_0023_0021_0032_0032.jpg 1 23 21 32 32
0711_0040_0041_0032_0032.jpg 1 40 41 32 32
0712_0008_0016_0064_0064.jpg 1 8 16 64 64
0713_0026_0009_0040_0040.jpg 1 26 9 40 40
0714_0018_0021_0043_0043.jpg 1 18 21 43 43
0715_0017_0005_0042_0042.jpg 1 17 5 42 42
0716_0038_0053_0029_0029.jpg 1 38 53 29 29
0717_0051_0028_0028_0028.jpg 1 51 28 28 28
0718_0031_0015_0056_0056.jpg 1 31 15 56 56
0719_0037_0047_0037_0037.jpg 1 37 47 37 37
0720_0026_0022_0059_0059.jpg 1 26 22 59 59
0721_0018_0008_0053_0053.jpg 1 18 8 53 53
0722_0027_0032_0025_0025.jpg 1 27 32 25 25
0723_0006_0024_0062_0062.jpg 1 6 24 62 62
0724_0024_0027_0058_0058.jpg 1 24 27 58 58
0725_0043_0007_0045_0045.jpg 1 43 7 45 45
0726_0006_0037_0052_0052.jpg 1 6 37 52 52
0727_0009_0020_0061_0061.jpg 1 9 20 61 61
0728_0039_0025_0040_0040.jpg 1 39 25 40 40
0729_0020_0026_0029_0029.jpg 1 20 26 29 29
0730_0013_0018_0041_0041.jpg 1 13 18 41 41
0731_0025_0015_0054_0054.jpg 1 25 15 54 54
0732_0020_0012_0066_0066.jpg 1 20 12 66 66
0733_0015_0044_0028_0028.jpg 1 15 44 28 28
0734_0014_0017_0066_0066.jpg 1 14 17 66 66
0735_0010_0012_0068_0068.jpg 1 10 12 68 68
0736_0015_0019_0065_0065.jpg 1 15 19 65 65
0737_0047_0059_0025_0025.jpg 1 47 59 25 25
0738_0022_0019_0069_0069.jpg 1 22 19 69 69
0739_0014_0046_0038_0038.jpg 1 14 46 38 38
0740_0038_0036_0030_0030.jpg 1 38 36 30 30
0741_0006_0019_0068_0068.jpg 1 6 19 68 68
0742_0006_0037_0032_0032.jpg 1 6 37 32 32
0743_0011_0031_0036_0036.jpg 1 11 31 36 36
0744_0031_0012_0050_0050.jpg 1 31 12 50 50
0745_0011_0009_0036_0036.jpg 1 11 9 36 36
0746_0042_0022_0044_0044.jpg 1 42 22 44 44
0747_0013_0011_0058_0058.jpg 1 13 11 58 58
0748_0030_0012_0051_0051.jpg 1 30 12 51 51
0749_0017_0028_0055_0055.jpg 1 17 28 55 55
0750_0043_0040_0038_0038.jpg 1 43 40 38 38
0751_0018_0027_0041_0041.jpg 1 18 27 41 41
0752_0026_0011_0048_0048.jpg 1 26 11 48 48
0753_0039_0045_0034_0034.jpg 1 39 45 34 34
0754_0056_0033_0028_0028.jpg 1 56 33 28 28
0755_0051_0041_0031_0031.jpg 1 51 41 31 31
0756_0031_0055_0028_0028.jpg 1 31 55 28 28
0757_0008_0036_0047_0047.jpg 1 8 36 47 47
0758_0039_0052_0027_0027.jpg 1 39 52 27 27
0759_0025_0018_0067_0067.jpg 1 25 18 67 67
0760_0031_0029_0060_0060.jpg 1 31 29 60 60
0761_0009_0016_0067_0067.jpg 1 9 16 67 67
0762_0051_0038_0024_0024.jpg 1 51 38 24 24
0763_0009_0024_0066_0066.jpg 1 9 24 66 66
0764_0036_0047_0037_0037.jpg 1 36 47 37 37
0765_0051_0008_0031_0031.jpg 1 51 8 31 31
0766_0033_0039_0035_0035.jpg 1 33 39 35 35
0767_0016_0017_0056_0056.jpg 1 16 17 56 56
0768_0043_0013_0043_0043.jpg 1 43 13 43 43
0769_0018_0010_0063_0063.jpg 1 18 10 63 63
0770_0041_0011_0035_0035.jpg 1 41 11 35 35
0771_0020_0025_0063_0063.jpg 1 20 25 63 63
0772_0027_0031_0033_0033.jpg 1 27 31 33 33
0773_0052_0049_0031_0031.jpg 1 52 49 31 31
0774_0011_0020_0027_0027.jpg 1 11 20 27 27
0775_0034_0009_0028_0028.jpg 1 34 9 28 28
0776_0007_0016_0049_0049.jpg 1 7 16 49 49
0777_0047_0035_0029_0029.jpg 1 47 35 29 29
0778_0021_0019_0069_0069.jpg 1 21 19 69 69
0779_0028_0018_0059_0059.jpg 1 28 18 59 59
0780_0009_0039_0043_0043.jpg 1 9 39 43 43
0781_0019_0028_0058_0058.jpg 1 19 28 58 58
0782_0012_0046_0041_0041.jpg 1 12 46 41 41
0783_0007_0011_0026_0026.jpg 1 7 11 26 26
0784_0031_0021_0051_0051.jpg 1 31 21 51 51
0785_0052_0034_0033_0033.jpg 1 52 34 33 33
0786_0023_0033_0056_0056.jpg 1 23 33 56 56
0787_0013_0004_0061_0061.jpg 1 13 4 61 61
0788_0008_0030_0046_0046.jpg 1 8 30 46 46
0789_0010_0013_0049_0049.jpg 1 10 13 49 49
0790_0025_0058_0025_0025.jpg 1 25 58 25 25
0791_0031_0025_0033_0033.jpg 1 31 25 33 33
0792_0016_0046_0026_0026.jpg 1 16 46 26 26
0793_0015_0011_0062_0062.jpg 1 15 11 62 62
0794_0026_0017_0047_0047.jpg 1 26 17 47 47
0795_0045_0015_0024_0024.jpg 1 45 15 24 24
0796_0016_0020_0055_0055.jpg 1 16 20 55 55
0797_0021_0013_0044_0044.jpg 1 21 13 44 44
0798_0003_0010_0068_0068.jpg 1 3 10 68 68
0799_0020_0005_0056_0056.jpg 1 20 5 56 56
0800_0026_0015_0030_0030.jpg 1 26 15 30 30
0801_0034_0040_0042_0042.jpg 1 34 40 42 42
0802_0009_0018_0058_0058.jpg 1 9 18 58 58
0803_0007_0027_0030_0030.jpg 1 7 27 30 30
0804_0014_0008_0062_0062.jpg 1 14 8 62 62
0805_0018_0020_0060_0060.jpg 1 18 20 60 60
0806_0026_0038_0032_0032.jpg 1 26 38 32 32
0807_0046_0010_0040_0040.jpg 1 46 10 40 40
0808_0011_0005_0054_0054.jpg 1 11 5 54 54
0809_0010_0020_0063_0063.jpg 1 10 20 63 63
0810_0030_0027_0057_0057.jpg 1 30 27 57 57
0811_0054_0031_0031_0031.jpg 1 54 31 31 31
0812_0048_0054_0025_0025.jpg 1 48 54 25 25
0813_0004_0005_0068_0068.jpg 1 4 5 68 68
0814_0010_0026_0057_0057.jpg 1 10 26 57 57
0815_0009_0017_0065_0065.jpg 1 9 17 65 65
0816_0007_0006_0052_0052.jpg 1 7 6 52 52
0817_0047_0022_0026_0026.jpg 1 47 22 26 26
0818_0008_0032_0026_0026.jpg 1 8 32 26 26
0819_0028_0025_0040_0040.jpg 1 28 25 40 40
0820_0011_0004_0067_0067.jpg 1 11 4 67 67
0821_0023_0011_0042_0042.jpg 1 23 11 42 42
0822_0023_0017_0055_0055.jpg 1 23 17 55 55
0823_0041_0054_0024_0024.jpg 1 41 54 24 24
0824_0008_0009_0058_0058.jpg 1 8 9 58 58
0825_0012_0007_0054_0054.jpg 1 12 7 54 54
0826_0013_0015_0040_0040.jpg 1 13 15 40 40
0827_0007_0034_0049_0049.jpg 1 7 34 49 49
0828_0026_0016_0042_0042.jpg 1 26 16 42 42
0829_0003_0020_0066_0066.jpg 1 3 20 66 66
0830_0027_0022_0055_0055.jpg 1 27 22 55 55
0831_0024_0015_0068_0068.jpg 1 24 15 68 68
0832_0038_0035_0040_0040.jpg 1 38 35 40 40
0833_0055_0009_0029_0029.jpg 1 55 9 29 29
0834_0038_0034_0033_0033.jpg 1 38 34 33 33
0835_0040_0020_0038_0038.jpg 1 40 20 38 38
0836_0011_0052_0028_0028.jpg 1 11 52 28 28
0837_0020_0040_0028_0028.jpg 1 20 40 28 28
0838_0052_0047_0033_0033.jpg 1 52 47 33 33
0839_0008_0038_0028_0028.jpg 1 8 38 28 28
0840_0013_0038_0024_0024.jpg 1 13 38 24 24
0841_0013_0010_0065_0065.jpg 1 13 10 65 65
0842_0023_0016_0040_0040.jpg 1 23 16 40 40
0843_0011_0041_0034_0034.jpg 1 11 41 34 34
0844_0026_0033_0044_0044.jpg 1 26 33 44 44
0845_0040_0047_0032_0032.jpg 1 40 47 32 32
0846_0018_0027_0036_0036.jpg 1 18 27 36 36
0847_0048_0037_0028_0028.jpg 1 48 37 28 28
0848_0007_0031_0053_0053.jpg 1 7 31 53 53
0849_0016_0016_0068_0068.jpg 1 16 16 68 68
0850_0026_0016_0045_0045.jpg 1 26 16 45 45
0851_0019_0021_0042_0042.jpg 1 19 21 42 42
0852_0018_0028_0048_0048.jpg 1 18 28 48 48
0853_0038_0041_0036_0036.jpg 1 38 41 36 36
0854_0038_0012_0046_0046.jpg 1 38 12 46 46
0855_0005_0013_0054_0054.jpg 1 5 13 54 54
0856_0036_0010_0052_0052.jpg 1 36 10 52 52
0857_0021_0011_0045_0045.jpg 1 21 11 45 45
0858_0010_0016_0052_0052.jpg 1 10 16 52 52
0859_0009_0042_0027_0027.jpg 1 9 42 27 27
0860_0020_0013_0067_0067.jpg 1 20 13 67 67
0861_0033_0033_0032_0032.jpg 1 33 33 32 32
0862_0016_0045_0042_0042.jpg 1 16 45 42 42
0863_0011_0024_0067_0067.jpg 1 11 24 67 67
0864_0025_0032_0041_0041.jpg 1 25 32 41 41
0865_0022_0039_0043_0043.jpg 1 22 39 43 43
0866_0007_0015_0035_0035.jpg 1 7 15 35 35
0867_0025_0019_0064_0064.jpg 1 25 19 64 64
0868_0022_0018_0049_0049.jpg 1 22 18 49 49
0869_0027_0025_0027_0027.jpg 1 27 25 27 27
0870_0010_0014_0061_0061.jpg 1 10 14 61 61
0871_0029_0017_0061_0061.jpg 1 29 17 61 61
0872_0047_0029_0026_0026.jpg 1 47 29 26 26
0873_0042_0007_0031_0031.jpg 1 42 7 31 31
0874_0009_0018_0052_0052.jpg 1 9 18 52 52
0875_0046_0013_0032_0032.jpg 1 46 13 32 32
0876_0016_0034_0044_0044.jpg 1 16 34 44 44
0877_0024_0030_0054_0054.jpg 1 24 30 54 54
0878_0006_0005_0050_0050.jpg 1 6 5 50 50
0879_0056_0045_0026_0026.jpg 1 56 45 26 26
0880_0018_0021_0068_0068.jpg 1 18 21 68 68
0881_0018_0024_0033_0033.jpg 1 18 24 33 33
0882_0027_0006_0057_0057.jpg 1 27 6 57 57
0883_0030_0017_0057_0057.jpg 1 30 17 57 57
0884_0011_0007_0057_0057.jpg 1 11 7 57 57
0885_0027_0033_0051_0051.jpg 1 27 33 51 51
0886_0008_0012_0042_0042.jpg 1 8 12 42 42
0887_0023_0037_0044_0044.jpg 1 23 37 44 44
0888_0033_0015_0053_0053.jpg 1 33 15 53 53
0889_0049_0010_0027_0027.jpg 1 49 10 27 27
0890_0011_0021_0046_0046.jpg 1 11 21 46 46
0891_0048_0025_0036_0036.jpg 1 48 25 36 36
0892_0010_0009_0046_0046.jpg 1 10 9 46 46
0893_0012_0035_0042_0042.jpg 1 12 35 42 42
0894_0037_0010_0048_0048.jpg 1 37 10 48 48
0895_0013_0021_0056_0056.jpg 1 13 21 56 56
0896_0030_0025_0029_0029.jpg 1 30 25 29 29
0897_0020_0013_0048_0048.jpg 1 20 13 48 48
0898_0004_0027_0064_0064.jpg 1 4 27 64 64
0899_0016_0047_0033_0033.jpg 1 16 47 33 33
0900_0012_0049_0034_0034.jpg 1 12 49 34 34
0901_0027_0035_0034_0034.jpg 1 27 35 34 34
0902_0031_0028_0050_0050.jpg 1 31 28 50 50
0903_0046_0008_0029_0029.jpg 1 46 8 29 29
0904_0008_0017_0060_0060.jpg 1 8 17 60 60
0905_0005_0014_0064_0064.jpg 1 5 14 64 64
0906_0012_0034_0027_0027.jpg 1 12 34 27 27
0907_0019_0051_0028_0028.jpg 1 19 51 28 28
0908_0020_0027_0058_0058.jpg 1 20 27 58 58
0909_0022_0034_0039_0039.jpg 1 22 34 39 39
0910_0021_0009_0043_0043.jpg 1 21 9 43 43
0911_0036_0035_0038_0038.jpg 1 36 35 38 38
0912_0010_0023_0064_0064.jpg 1 10 23 64 64
0913_0015_0031_0053_0053.jpg 1 15 31 53 53
0914_0008_0005_0068_0068.jpg 1 8 5 68 68
0915_0022_0006_0067_0067.jpg 1 22 6 67 67
0916_0036_0038_0044_0044.jpg 1 36 38 44 44
0917_0039_0050_0026_0026.jpg 1 39 50 26 26
0918_0029_0010_0062_0062.jpg 1 29 10 62 62
0919_0012_0007_0065_0065.jpg 1 12 7 65 65
0920_0016_0034_0025_0025.jpg 1 16 34 25 25
0921_0024_0015_0064_0064.jpg 1 24 15 64 64
0922_0033_0024_0034_0034.jpg 1 33 24 34 34
0923_0040_0028_0029_0029.jpg 1 40 28 29 29
0924_0011_0013_0065_0065.jpg 1 11 13 65 65
0925_0030_0044_0035_0035.jpg 1 30 44 35 35
0926_0017_0003_0069_0069.jpg 1 17 3 69 69
0927_0019_0027_0029_0029.jpg 1 19 27 29 29
0928_0031_0006_0043_0043.jpg 1 31 6 43 43
0929_0047_0028_0031_0031.jpg 1 47 28 31 31
0930_0015_0036_0043_0043.jpg 1 15 36 43 43
0931_0045_0025_0041_0041.jpg 1 45 25 41 41
0932_0050_0009_0037_0037.jpg 1 50 9 37 37
0933_0027_0021_0063_0063.jpg 1 27 21 63 63
0934_0025_0031_0057_0057.jpg 1 25 31 57 57
0935_0039_0038_0050_0050.jpg 1 39 38 50 50
0936_0047_0018_0034_0034.jpg 1 47 18 34 34
0937_0051_0038_0031_0031.jpg 1 51 38 31 31
0938_0010_0031_0047_0047.jpg 1 10 31 47 47
0939_0040_0039_0045_0045.jpg 1 40 39 45 45
0940_0032_0020_0059_0059.jpg 1 32 20 59 59
0941_0044_0030_0033_0033.jpg 1 44 30 33 33
0942_0009_0005_0066_0066.jpg 1 9 5 66 66
0943_0016_0014_0032_0032.jpg 1 16 14 32 32
0944_0034_0007_0045_0045.jpg 1 34 7 45 45
0945_0049_0050_0024_0024.jpg 1 49 50 24 24
0946_0041_0044_0032_0032.jpg 1 41 44 32 32
0947_0020_0051_0026_0026.jpg 1 20 51 26 26
0948_0014_0041_0028_0028.jpg 1 14 41 28 28
0949_0009_0030_0048_0048.jpg 1 9 30 48 48
0950_0011_0045_0035_0035.jpg 1 11 45 35 35
0951_0050_0040_0027_0027.jpg 1 50 40 27 27
0952_0027_0015_0064_0064.jpg 1 27 15 64 64
0953_0017_0017_0046_0046.jpg 1 17 17 46 46
0954_0036_0038_0043_0043.jpg 1 36 38 43 43
0955_0027_0012_0032_0032.jpg 1 27 12 32 32
0956_0022_0021_0054_0054.jpg 1 22 21 54 54
0957_0023_0014_0069_0069.jpg 1 23 14 69 69
0958_0015_0012_0063_0063.jpg 1 15 12 63 63
0959_0022_0010_0032_0032.jpg 1 22 10 32 32
0960_0019_0035_0043_0043.jpg 1 19 35 43 43
0961_0012_0012_0068_0068.jpg 1 12 12 68 68
0962_0023_0016_0069_0069.jpg 1 23 16 69 69
0963_0030_0048_0036_0036.jpg 1 30 48 36 36
0964_0021_0055_0025_0025.jpg 1 21 55 25 25
0965_0029_0011_0041_0041.jpg 1 29 11 41 41
0966_0043_0036_0037_0037.jpg 1 43 36 37 37
0967_0011_0027_0035_0035.jpg 1 11 27 35 35
0968_0032_0026_0043_0043.jpg 1 32 26 43 43
0969_0007_0019_0039_0039.jpg 1 7 19 39 39
0970_0011_0031_0036_0036.jpg 1 11 31 36 36
0971_0003_0007_0069_0069.jpg 1 3 7 69 69
0972_0018_0041_0039_0039.jpg 1 18 41 39 39
0973_0020_0033_0033_0033.jpg 1 20 33 33 33
0974_0033_0030_0036_0036.jpg 1 33 30 36 36
0975_0018_0023_0051_0051.jpg 1 18 23 51 51
0976_0042_0019_0033_0033.jpg 1 42 19 33 33
0977_0006_0023_0063_0063.jpg 1 6 23 63 63
0978_0036_0023_0029_0029.jpg 1 36 23 29 29
0979_0041_0039_0035_0035.jpg 1 41 39 35 35
0980_0025_0008_0058_0058.jpg 1 25 8 58 58
0981_0014_0024_0047_0047.jpg 1 14 24 47 47
0982_0014_0029_0038_0038.jpg 1 14 29 38 38
0983_0018_0016_0061_0061.jpg 1 18 16 61 61
0984_0008_0008_0060_0060.jpg 1 8 8 60 60
0985_0016_0007_0052_0052.jpg 1 16 7 52 52
0986_0007_0010_0067_0067.jpg 1 7 10 67 67
0987_0010_0025_0024_0024.jpg 1 10 25 24 24
0988_0010_0006_0067_0067.jpg 1 10 6 67 67
0989_0021_0015_0032_0032.jpg 1 21 15 32 32
0990_0029_0020_0032_0032.jpg 1 29 20 32 32
0991_0018_0030_0061_0061.jpg 1 18 30 61 61
0992_0012_0029_0060_0060.jpg 1 12 29 60 60
0993_0025_0003_0065_0065.jpg 1 25 3 65 65
0994_0015_0011_0069_0069.jpg 1 15 11 69 69
0995_0044_0026_0035_0035.jpg 1 44 26 35 35
0996_0054_0011_0027_0027.jpg 1 54 11 27 27
0997_0043_0035_0039_0039.jpg 1 43 35 39 39
0998_0024_0039_0045_0045.jpg 1 24 39 45 45
0999_0014_0011_0059_0059.jpg 1 14 11 59 59
1000_0011_0051_0027_0027.jpg 1 11 51 27 27
1001_0029_0010_0061_0061.jpg 1 29 10 61 61
1002_0035_0032_0040_0040.jpg 1 35 32 40 40
1003_0053_0013_0028_0028.jpg 1 53 13 28 28
1004_0035_0050_0033_0033.jpg 1 35 50 33 33
1005_0018_0011_0047_0047.jpg 1 18 11 47 47
1006_0019_0019_0044_0044.jpg 1 19 19 44 44
1007_0024_0028_0064_0064.jpg 1 24 28 64 64
1008_0029_0044_0037_0037.jpg 1 29 44 37 37
1009_0033_0017_0041_0041.jpg 1 33 17 41 41
1010_0020_0003_0069_0069.jpg 1 20 3 69 69
1011_0025_0024_0042_0042.jpg 1 25 24 42 42
1012_0018_0017_0065_0065.jpg 1 18 17 65 65
1013_0030_0008_0048_0048.jpg 1 30 8 48 48
1014_0029_0035_0033_0033.jpg 1 29 35 33 33
1015_0034_0026_0032_0032.jpg 1 34 26 32 32
1016_0057_0037_0025_0025.jpg 1 57 37 25 25
1017_0017_0006_0067_0067.jpg 1 17 6 67 67
1018_0032_0020_0048_0048.jpg 1 32 20 48 48
1019_0034_0022_0025_0025.jpg 1 34 22 25 25
1020_0019_0025_0058_0058.jpg 1 19 25 58 58
1021_0023_0030_0055_0055.jpg 1 23 30 55 55
1022_0020_0025_0063_0063.jpg 1 20 25 63 63
1023_0051_0033_0024_0024.jpg 1 51 33 24 24
1024_0030_0023_0026_0026.jpg 1 30 23 26 26
1025_0033_0040_0042_0042.jpg 1 33 40 42 42
1026_0036_0038_0041_0041.jpg 1 36 38 41 41
1027_0004_0014_0060_0060.jpg 1 4 14 60 60
1028_0007_0034_0051_0051.jpg 1 7 34 51 51
1029_0010_0012_0066_0066.jpg 1 10 12 66 66
1030_0020_0007_0040_0040.jpg 1 20 7 40 40
1031_0020_0009_0066_0066.jpg 1 20 9 66 66
1032_0052_0028_0030_0030.jpg 1 52 28 30 30
1033_0014_0036_0043_0043.jpg 1 14 36 43 43
1034_0041_0036_0044_0044.jpg 1 41 36 44 44
1035_0045_0011_0027_0027.jpg 1 45 11 27 27
1036_0019_0017_0042_0042.jpg 1 19 17 42 42
1037_0041_0033_0037_0037.jpg 1 41 33 37 37
1038_0023_0015_0053_0053.jpg 1 23 15 53 53
1039_0031_0005_0056_0056.jpg 1 31 5 56 56
1040_0026_0031_0052_0052.jpg 1 26 31 52 52
1041_0044_0013_0040_0040.jpg 1 44 13 40 40
1042_0007_0015_0059_0059.jpg 1 7 15 59 59
1043_0034_0010_0025_0025.jpg 1 34 10 25 25
1044_0046_0036_0033_0033.jpg 1 46 36 33 33
1045_0014_0046_0039_0039.jpg 1 14 46 39 39
1046_0005_0011_0067_0067.jpg 1 5 11 67 67
1047_0019_0007_0048_0048.jpg 1 19 7 48 48
1048_0014_0006_0060_0060.jpg 1 14 6 60 60
1049_0038_0031_0050_0050.jpg 1 38 31 50 50
1050_0012_0028_0056_0056.jpg 1 12 28 56 56
1051_0020_0027_0063_0063.jpg 1 20 27 63 63
1052_0025_0016_0054_0054.jpg 1 25 16 54 54
1053_0008_0009_0069_0069.jpg 1 8 9 69 69
1054_0038_0040_0036_0036.jpg 1 38 40 36 36
1055_0005_0021_0064_0064.jpg 1 5 21 64 64
1056_0022_0027_0055_0055.jpg 1 22 27 55 55
1057_0009_0009_0045_0045.jpg 1 9 9 45 45
1058_0017_0016_0068_0068.jpg 1 17 16 68 68
1059_0014_0028_0047_0047.jpg 1 14 28 47 47
1060_0021_0015_0058_0058.jpg 1 21 15 58 58
1061_0040_0019_0047_0047.jpg 1 40 19 47 47
1062_0043_0025_0042_0042.jpg 1 43 25 42 42
1063_0013_0005_0064_0064.jpg 1 13 5 64 64
1064_0011_0026_0065_0065.jpg 1 11 26 65 65
1065_0013_0036_0047_0047.jpg 1 13 36 47 47
1066_0040_0012_0046_0046.jpg 1 40 12 46 46
1067_0013_0037_0053_0053.jpg 1 13 37 53 53
1068_0018_0012_0045_0045.jpg 1 18 12 45 45
1069_0008_0005_0061_0061.jpg 1 8 5 61 61
1070_0007_0007_0035_0035.jpg 1 7 7 35 35
1071_0028_0007_0032_0032.jpg 1 28 7 32 32
1072_0025_0029_0046_0046.jpg 1 25 29 46 46
1073_0007_0032_0046_0046.jpg 1 7 32 46 46
1074_0022_0046_0042_0042.jpg 1 22 46 42 42
1075_0008_0018_0067_0067.jpg 1 8 18 67 67
1076_0049_0053_0024_0024.jpg 1 49 53 24 24
1077_0032_0054_0027_0027.jpg 1 32 54 27 27
1078_0029_0011_0047_0047.jpg 1 29 11 47 47
1079_0035_0011_0052_0052.jpg 1 35 11 52 52
1080_0008_0047_0024_0024.jpg 1 8 47 24 24
1081_0041_0037_0043_0043.jpg 1 41 37 43 43
1082_0047_0014_0025_0025.jpg 1 47 14 25 25
1083_0007_0006_0042_0042.jpg 1 7 6 42 42
1084_0016_0032_0040_0040.jpg 1 16 32 40 40
1085_0041_0021_0039_0039.jpg 1 41 21 39 39
1086_0060_0048_0024_0024.jpg 1 60 48 24 24
1087_0042_0007_0034_0034.jpg 1 42 7 34 34
1088_0007_0022_0049_0049.jpg 1 7 22 49 49
1089_0007_0015_0055_0055.jpg 1 7 15 55 55
1090_0020_0040_0036_0036.jpg 1 20 40 36 36
1091_0016_0013_0065_0065.jpg 1 16 13 65 65
1092_0025_0014_0046_0046.jpg 1 25 14 46 46
1093_0028_0019_0052_0052.jpg 1 28 19 52 52
1094_0021_0018_0063_0063.jpg 1 21 18 63 63
1095_0018_0020_0040_0040.jpg 1 18 20 40 40
1096_0023_0018_0046_0046.jpg 1 23 18 46 46
1097_0046_0030_0041_0041.jpg 1 46 30 41 41
1098_0016_0022_0047_0047.jpg 1 16 22 47 47
1099_0012_0013_0044_0044.jpg 1 12 13 44 44
1100_0005_0036_0044_0044.jpg 1 5 36 44 44
1101_0040_0047_0039_0039.jpg 1 40 47 39 39
1102_0049_0019_0024_0024.jpg 1 49 19 24 24
1103_0020_0016_0069_0069.jpg 1 20 16 69 69
1104_0017_0008_0066_0066.jpg 1 17 8 66 66
1105_0013_0011_0038_0038.jpg 1 13 11 38 38
1106_0017_0027_0049_0049.jpg 1 17 27 49 49
1107_0015_0026_0051_0051.jpg 1 15 26 51 51
1108_0049_0028_0032_0032.jpg 1 49 28 32 32
1109_0036_0010_0054_0054.jpg 1 36 10 54 54
1110_0048_0017_0033_0033.jpg 1 48 17 33 33
1111_0020_0015_0068_0068.jpg 1 20 15 68 68
1112_0027_0040_0042_0042.jpg 1 27 40 42 42
1113_0040_0030_0030_0030.jpg 1 40 30 30 30
1114_0024_0037_0034_0034.jpg 1 24 37 34 34
1115_0024_0013_0054_0054.jpg 1 24 13 54 54
1116_0040_0009_0037_0037.jpg 1 40 9 37 37
1117_0018_0022_0066_0066.jpg 1 18 22 66 66
1118_0038_0043_0032_0032.jpg 1 38 43 32 32
1119_0011_0052_0032_0032.jpg 1 11 52 32 32
1120_0008_0023_0069_0069.jpg 1 8 23 69 69
1121_0040_0006_0041_0041.jpg 1 40 6 41 41
1122_0038_0021_0047_0047.jpg 1 38 21 47 47
1123_0023_0011_0048_0048.jpg 1 23 11 48 48
1124_0013_0020_0055_0055.jpg 1 13 20 55 55
1125_0007_0031_0059_0059.jpg 1 7 31 59 59
1126_0026_0047_0034_0034.jpg 1 26 47 34 34
1127_0025_0020_0026_0026.jpg 1 25 20 26 26
1128_0029_0014_0051_0051.jpg 1 29 14 51 51
1129_0010_0029_0039_0039.jpg 1 10 29 39 39
1130_0039_0028_0050_0050.jpg 1 39 28 50 50
1131_0011_0015_0062_0062.jpg 1 11 15 62 62
1132_0027_0031_0057_0057.jpg 1 27 31 57 57
1133_0013_0009_0065_0065.jpg 1 13 9 65 65
1134_0026_0018_0038_0038.jpg 1 26 18 38 38
1135_0019_0018_0063_0063.jpg 1 19 18 63 63
1136_0019_0027_0042_0042.jpg 1 19 27 42 42
1137_0026_0006_0059_0059.jpg 1 26 6 59 59
1138_0046_0013_0033_0033.jpg 1 46 13 33 33
1139_0037_0028_0027_0027.jpg 1 37 28 27 27
1140_0004_0021_0065_0065.jpg 1 4 21 65 65
1141_0015_0011_0063_0063.jpg 1 15 11 63 63
1142_0010_0019_0065_0065.jpg 1 10 19 65 65
1143_0013_0010_0030_0030.jpg 1 13 10 30 30
1144_0019_0005_0068_0068.jpg 1 19 5 68 68
1145_0032_0023_0027_0027.jpg 1 32 23 27 27
1146_0017_0052_0030_0030.jpg 1 17 52 30 30
1147_0031_0017_0056_0056.jpg 1 31 17 56 56
1148_0011_0010_0068_0068.jpg 1 11 10 68 68
1149_0046_0019_0035_0035.jpg 1 46 19 35 35
1150_0011_0051_0036_0036.jpg 1 11 51 36 36
1151_0021_0041_0039_0039.jpg 1 21 41 39 39
1152_0013_0005_0068_0068.jpg 1 13 5 68 68
1153_0024_0007_0040_0040.jpg 1 24 7 40 40
1154_0008_0018_0029_0029.jpg 1 8 18 29 29
1155_0045_0039_0038_0038.jpg 1 45 39 38 38
1156_0029_0030_0061_0061.jpg 1 29 30 61 61
1157_0027_0047_0031_0031.jpg 1 27 47 31 31
1158_0044_0034_0028_0028.jpg 1 44 34 28 28
1159_0033_0039_0051_0051.jpg 1 33 39 51 51
1160_0038_0007_0047_0047.jpg 1 38 7 47 47
1161_0049_0008_0031_0031.jpg 1 49 8 31 31
1162_0040_0030_0027_0027.jpg 1 40 30 27 27
1163_0015_0034_0042_0042.jpg 1 15 34 42 42
1164_0054_0031_0031_0031.jpg 1 54 31 31 31
1165_0040_0008_0025_0025.jpg 1 40 8 25 25
1166_0032_0007_0053_0053.jpg 1 32 7 53 53
1167_0016_0004_0061_0061.jpg 1 16 4 61 61
1168_0043_0017_0026_0026.jpg 1 43 17 26 26
1169_0044_0018_0038_0038.jpg 1 44 18 38 38
1170_0048_0044_0034_0034.jpg 1 48 44 34 34
1171_0007_0008_0051_0051.jpg 1 7 8 51 51
1172_0009_0028_0046_0046.jpg 1 9 28 46 46
1173_0031_0037_0031_0031.jpg 1 31 37 31 31
1174_0047_0046_0033_0033.jpg 1 47 46 33 33
1175_0028_0040_0038_0038.jpg 1 28 40 38 38
1176_0009_0025_0037_0037.jpg 1 9 25 37 37
1177_0021_0023_0048_0048.jpg 1 21 23 48 48
1178_0007_0026_0045_0045.jpg 1 7 26 45 45
1179_0008_0015_0046_0046.jpg 1 8 15 46 46
1180_0016_0035_0053_0053.jpg 1 16 35 53 53
1181_0039_0014_0049_0049.jpg 1 39 14 49 49
1182_0019_0030_0060_0060.jpg 1 19 30 60 60
1183_0052_0046_0032_0032.jpg 1 52 46 32 32
1184_0009_0029_0055_0055.jpg 1 9 29 55 55
1185_0016_0010_0051_0051.jpg 1 16 10 51 51
1186_0021_0005_0044_0044.jpg 1 21 5 44 44
1187_0021_0043_0037_0037.jpg 1 21 43 37 37
1188_0036_0026_0046_0046.jpg 1 36 26 46 46
1189_0010_0042_0040_0040.jpg 1 10 42 40 40
1190_0023_0022_0054_0054.jpg 1 23 22 54 54
1191_0025_0027_0052_0052.jpg 1 25 27 52 52
1192_0042_0033_0042_0042.jpg 1 42 33 42 42
1193_0015_0022_0060_0060.jpg 1 15 22 60 60
1194_0020_0012_0052_0052.jpg 1 20 12 52 52
1195_0024_0034_0048_0048.jpg 1 24 34 48 48
1196_0026_0017_0060_0060.jpg 1 26 17 60 60
1197_0015_0020_0039_0039.jpg 1 15 20 39 39
1198_0029_0007_0040_0040.jpg 1 29 7 40 40
1199_0015_0014_0051_0051.jpg 1 15 14 51 51
1200_0010_0013_0043_0043.jpg 1 10 13 43 43
1201_0033_0046_0041_0041.jpg 1 33 46 41 41
1202_0013_0019_0057_0057.jpg 1 13 19 57 57
1203_0028_0032_0049_0049.jpg 1 28 32 49 49
1204_0026_0023_0067_0067.jpg 1 26 23 67 67
1205_0052_0042_0027_0027.jpg 1 52 42 27 27
1206_0043_0054_0025_0025.jpg 1 43 54 25 25
1207_0047_0008_0037_0037.jpg 1 47 8 37 37
1208_0046_0027_0038_0038.jpg 1 46 27 38 38
1209_0021_0029_0047_0047.jpg 1 21 29 47 47
1210_0018_0050_0036_0036.jpg 1 18 50 36 36
1211_0032_0012_0045_0045.jpg 1 32 12 45 45
1212_0004_0006_0066_0066.jpg 1 4 6 66 66
1213_0046_0044_0025_0025.jpg 1 46 44 25 25
1214_0047_0054_0031_0031.jpg 1 47 54 31 31
1215_0013_0006_0056_0056.jpg 1 13 6 56 56
1216_0035_0044_0027_0027.jpg 1 35 44 27 27
1217_0039_0039_0028_0028.jpg 1 39 39 28 28
1218_0040_0029_0044_0044.jpg 1 40 29 44 44
1219_0032_0009_0044_0044.jpg 1 32 9 44 44
1220_0010_0015_0052_0052.jpg 1 10 15 52 52
1221_0023_0019_0053_0053.jpg 1 23 19 53 53
1222_0014_0019_0026_0026.jpg 1 14 19 26 26
1223_0031_0039_0040_0040.jpg 1 31 39 40 40
1224_0008_0023_0060_0060.jpg 1 8 23 60 60
1225_0020_0020_0037_0037.jpg 1 20 20 37 37
1226_0005_0020_0058_0058.jpg 1 5 20 58 58
1227_0019_0013_0067_0067.jpg 1 19 13 67 67
1228_0042_0034_0031_0031.jpg 1 42 34 31 31
1229_0040_0008_0043_0043.jpg 1 40 8 43 43
1230_0046_0046_0038_0038.jpg 1 46 46 38 38
1231_0005_0019_0069_0069.jpg 1 5 19 69 69
1232_0048_0041_0032_0032.jpg 1 48 41 32 32
1233_0009_0019_0046_0046.jpg 1 9 19 46 46
1234_0018_0032_0040_0040.jpg 1 18 32 40 40
1235_0008_0025_0055_0055.jpg 1 8 25 55 55
1236_0015_0004_0061_0061.jpg 1 15 4 61 61
1237_0030_0031_0044_0044.jpg 1 30 31 44 44
1238_0019_0042_0044_0044.jpg 1 19 42 44 44
1239_0015_0027_0054_0054.jpg 1 15 27 54 54
1240_0021_0029_0056_0056.jpg 1 21 29 56 56
1241_0006_0026_0043_0043.jpg 1 6 26 43 43
1242_0026_0024_0048_0048.jpg 1 26 24 48 48
1243_0048_0040_0034_0034.jpg 1 48 40 34 34
1244_0019_0015_0067_0067.jpg 1 19 15 67 67
1245_0010_0018_0058_0058.jpg 1 10 18 58 58
1246_0025_0040_0045_0045.jpg 1 25 40 45 45
1247_0006_0014_0059_0059.jpg 1 6 14 59 59
1248_0007_0014_0053_0053.jpg 1 7 14 53 53
1249_0050_0013_0027_0027.jpg 1 50 13 27 27
1250_0025_0017_0033_0033.jpg 1 25 17 33 33
1251_0007_0021_0034_0034.jpg 1 7 21 34 34
1252_0022_0018_0061_0061.jpg 1 22 18 61 61
1253_0014_0017_0024_0024.jpg 1 14 17 24 24
1254_0028_0013_0063_0063.jpg 1 28 13 63 63
1255_0013_0020_0055_0055.jpg 1 13 20 55 55
1256_0015_0033_0056_0056.jpg 1 15 33 56 56
1257_0024_0031_0041_0041.jpg 1 24 31 41 41
1258_0018_0040_0046_0046.jpg 1 18 40 46 46
1259_0029_0016_0062_0062.jpg 1 29 16 62 62
1260_0006_0008_0059_0059.jpg 1 6 8 59 59
1261_0034_0016_0042_0042.jpg 1 34 16 42 42
1262_0030_0012_0043_0043.jpg 1 30 12 43 43
1263_0018_0036_0036_0036.jpg 1 18 36 36 36
1264_0043_0018_0044_0044.jpg 1 43 18 44 44
1265_0021_0004_0063_0063.jpg 1 21 4 63 63
1266_0020_0039_0047_0047.jpg 1 20 39 47 47
1267_0014_0015_0047_0047.jpg 1 14 15 47 47
1268_0009_0018_0068_0068.jpg 1 9 18 68 68
1269_0016_0006_0067_0067.jpg 1 16 6 67 67
1270_0021_0017_0064_0064.jpg 1 21 17 64 64
1271_0030_0019_0060_0060.jpg 1 30 19 60 60
1272_0025_0007_0025_0025.jpg 1 25 7 25 25
1273_0052_0022_0025_0025.jpg 1 52 22 25 25
1274_0045_0028_0036_0036.jpg 1 45 28 36 36
1275_0021_0003_0068_0068.jpg 1 21 3 68 68
1276_0030_0029_0035_0035.jpg 1 30 29 35 35
1277_0007_0027_0062_0062.jpg 1 7 27 62 62
1278_0035_0028_0052_0052.jpg 1 35 28 52 52
1279_0030_0008_0031_0031.jpg 1 30 8 31 31
1280_0031_0010_0048_0048.jpg 1 31 10 48 48
1281_0020_0005_0060_0060.jpg 1 20 5 60 60
1282_0014_0009_0027_0027.jpg 1 14 9 27 27
1283_0021_0029_0031_0031.jpg 1 21 29 31 31
1284_0049_0020_0037_0037.jpg 1 49 20 37 37
1285_0044_0013_0033_0033.jpg 1 44 13 33 33
1286_0016_0018_0067_0067.jpg 1 16 18 67 67
1287_0013_0017_0069_0069.jpg 1 13 17 69 69
1288_0019_0026_0060_0060.jpg 1 19 26 60 60
1289_0031_0023_0035_0035.jpg 1 31 23 35 35
1290_0009_0038_0027_0027.jpg 1 9 38 27 27
1291_0011_0051_0033_0033.jpg 1 11 51 33 33
1292_0016_0024_0056_0056.jpg 1 16 24 56 56
1293_0013_0015_0036_0036.jpg 1 13 15 36 36
1294_0041_0016_0030_0030.jpg 1 41 16 30 30
1295_0029_0033_0044_0044.jpg 1 29 33 44 44
1296_0027_0022_0049_0049.jpg 1 27 22 49 49
1297_0006_0023_0046_0046.jpg 1 6 23 46 46
1298_0014_0011_0066_0066.jpg 1 14 11 66 66
1299_0041_0016_0034_0034.jpg 1 41 16 34 34
1300_0021_0016_0054_0054.jpg 1 21 16 54 54
1301_0050_0021_0034_0034.jpg 1 50 21 34 34
1302_0033_0031_0031_0031.jpg 1 33 31 31 31
1303_0014_0041_0025_0025.jpg 1 14 41 25 25
1304_0027_0021_0044_0044.jpg 1 27 21 44 44
1305_0027_0015_0031_0031.jpg 1 27 15 31 31
1306_0050_0015_0027_0027.jpg 1 50 15 27 27
1307_0014_0010_0065_0065.jpg 1 14 10 65 65
1308_0019_0006_0036_0036.jpg 1 19 6 36 36
1309_0031_0050_0029_0029.jpg 1 31 50 29 29
1310_0024_0035_0039_0039.jpg 1 24 35 39 39
1311_0036_0031_0048_0048.jpg 1 36 31 48 48
1312_0041_0007_0043_0043.jpg 1 41 7 43 43
1313_0034_0037_0047_0047.jpg 1 34 37 47 47
1314_0016_0009_0064_0064.jpg 1 16 9 64 64
1315_0012_0004_0068_0068.jpg 1 12 4 68 68
1316_0024_0045_0042_0042.jpg 1 24 45 42 42
1317_0053_0034_0030_0030.jpg 1 53 34 30 30
1318_0004_0028_0059_0059.jpg 1 4 28 59 59
1319_0006_0045_0038_0038.jpg 1 6 45 38 38
1320_0015_0031_0052_0052.jpg 1 15 31 52 52
1321_0030_0041_0047_0047.jpg 1 30 41 47 47
1322_0027_0015_0041_0041.jpg 1 27 15 41 41
1323_0012_0028_0059_0059.jpg 1 12 28 59 59
1324_0007_0031_0044_0044.jpg 1 7 31 44 44
1325_0020_0023_0068_0068.jpg 1 20 23 68 68
1326_0015_0032_0029_0029.jpg 1 15 32 29 29
1327_0027_0008_0045_0045.jpg 1 27 8 45 45
1328_0013_0010_0045_0045.jpg 1 13 10 45 45
1329_0030_0033_0051_0051.jpg 1 30 33 51 51
1330_0030_0024_0032_0032.jpg 1 30 24 32 32
